Using pre-set license
Built from '6000.0/staging' branch; Version is '6000.0.23f1 (1c4764c07fb4) revision 1853284'; Using compiler version '193933523'; Build Type 'Release'
OS: 'Windows 10  (10.0.19045) 64bit Enterprise' Language: 'pt' Physical Memory: 32473 MB
BatchMode: 1, IsHumanControllingUs: 0, StartBugReporterOnCrash: 0, Is64bit: 1, IsPro: 1

COMMAND LINE ARGUMENTS:
C:\Program Files\Unity\Hub\Editor\6000.0.23f1\Editor\Unity.exe
-adb2
-batchMode
-noUpm
-name
AssetImportWorker2
-projectPath
C:/Users/leandro.ccassano/Downloads/Projetos-base/Projetos-base/CozinhaMaluca
-logFile
Logs/AssetImportWorker2.log
-srvPort
51933
-job-worker-count
9
-background-job-worker-count
8
-asset-garbage-collectors
1
Successfully changed project path to: C:/Users/leandro.ccassano/Downloads/Projetos-base/Projetos-base/CozinhaMaluca
C:/Users/leandro.ccassano/Downloads/Projetos-base/Projetos-base/CozinhaMaluca
[UnityMemory] Configuration Parameters - Can be set up in boot.config
    "memorysetup-bucket-allocator-granularity=16"
    "memorysetup-bucket-allocator-bucket-count=8"
    "memorysetup-bucket-allocator-block-size=33554432"
    "memorysetup-bucket-allocator-block-count=8"
    "memorysetup-main-allocator-block-size=16777216"
    "memorysetup-thread-allocator-block-size=16777216"
    "memorysetup-gfx-main-allocator-block-size=16777216"
    "memorysetup-gfx-thread-allocator-block-size=16777216"
    "memorysetup-cache-allocator-block-size=4194304"
    "memorysetup-typetree-allocator-block-size=2097152"
    "memorysetup-profiler-bucket-allocator-granularity=16"
    "memorysetup-profiler-bucket-allocator-bucket-count=8"
    "memorysetup-profiler-bucket-allocator-block-size=33554432"
    "memorysetup-profiler-bucket-allocator-block-count=8"
    "memorysetup-profiler-allocator-block-size=16777216"
    "memorysetup-profiler-editor-allocator-block-size=1048576"
    "memorysetup-temp-allocator-size-main=16777216"
    "memorysetup-job-temp-allocator-block-size=2097152"
    "memorysetup-job-temp-allocator-block-size-background=1048576"
    "memorysetup-job-temp-allocator-reduction-small-platforms=262144"
    "memorysetup-allocator-temp-initial-block-size-main=262144"
    "memorysetup-allocator-temp-initial-block-size-worker=262144"
    "memorysetup-temp-allocator-size-background-worker=32768"
    "memorysetup-temp-allocator-size-job-worker=262144"
    "memorysetup-temp-allocator-size-preload-manager=33554432"
    "memorysetup-temp-allocator-size-nav-mesh-worker=65536"
    "memorysetup-temp-allocator-size-audio-worker=65536"
    "memorysetup-temp-allocator-size-cloud-worker=32768"
    "memorysetup-temp-allocator-size-gi-baking-worker=262144"
    "memorysetup-temp-allocator-size-gi-baking-worker=262144"
    "memorysetup-temp-allocator-size-gi-baking-worker=262144"
    "memorysetup-temp-allocator-size-gi-baking-worker=262144"
    "memorysetup-temp-allocator-size-gi-baking-worker=262144"
    "memorysetup-temp-allocator-size-gfx=262144"
Player connection [25204]  Target information:

Player connection [25204]  * "[IP] 10.59.46.46 [Port] 0 [Flags] 2 [Guid] 413545656 [EditorId] 413545656 [Version] 1048832 [Id] WindowsEditor(7,SAN0674416W10-1) [Debug] 1 [PackageName] WindowsEditor [ProjectName] Editor" 

Player connection [25204]  * "[IP] 192.168.56.1 [Port] 0 [Flags] 2 [Guid] 413545656 [EditorId] 413545656 [Version] 1048832 [Id] WindowsEditor(7,SAN0674416W10-1) [Debug] 1 [PackageName] WindowsEditor [ProjectName] Editor" 

Player connection [25204]  * "[IP] 172.20.64.1 [Port] 0 [Flags] 2 [Guid] 413545656 [EditorId] 413545656 [Version] 1048832 [Id] WindowsEditor(7,SAN0674416W10-1) [Debug] 1 [PackageName] WindowsEditor [ProjectName] Editor" 

Player connection [25204] Host joined multi-casting on [225.0.0.222:54997]...
Player connection [25204] Host joined alternative multi-casting on [225.0.0.222:34997]...
JobSystem: Creating JobQueue using job-worker-count value 9
[Physics::Module] Initialized fallback backend.
[Physics::Module] Id: 0xdecafbad
Library Redirect Path: Library/
[Physics::Module] Selected backend.
[Physics::Module] Name: PhysX
[Physics::Module] Id: 0xf2b8ea05
[Physics::Module] SDK Version: 4.1.2
[Physics::Module] Integration Version: 1.0.0
[Physics::Module] Threading Mode: Multi-Threaded
Refreshing native plugins compatible for Editor in 0.00 ms, found 0 plugins.
Preloading 0 native plugins for Editor in 0.00 ms.
Initialize engine version: 6000.0.23f1 (1c4764c07fb4)
[Subsystems] Discovering subsystems at path C:/Program Files/Unity/Hub/Editor/6000.0.23f1/Editor/Data/Resources/UnitySubsystems
[Subsystems] Discovering subsystems at path C:/Users/leandro.ccassano/Downloads/Projetos-base/Projetos-base/CozinhaMaluca/Assets
GfxDevice: creating device client; kGfxThreadingModeNonThreaded
Direct3D:
    Version:  Direct3D 11.0 [level 11.1]
    Renderer: NVIDIA RTX A2000 12GB (ID=0x2571)
    Vendor:   NVIDIA
    VRAM:     12137 MB
    Driver:   30.0.14.7247
Initialize mono
Mono path[0] = 'C:/Program Files/Unity/Hub/Editor/6000.0.23f1/Editor/Data/Managed'
Mono path[1] = 'C:/Program Files/Unity/Hub/Editor/6000.0.23f1/Editor/Data/MonoBleedingEdge/lib/mono/unityjit-win32'
Mono config path = 'C:/Program Files/Unity/Hub/Editor/6000.0.23f1/Editor/Data/MonoBleedingEdge/etc'
Using monoOptions --debugger-agent=transport=dt_socket,embedding=1,server=y,suspend=n,address=127.0.0.1:56964
Begin MonoManager ReloadAssembly
Registering precompiled unity dll's ...
Register platform support module: C:/Program Files/Unity/Hub/Editor/6000.0.23f1/Editor/Data/PlaybackEngines/WebGLSupport/UnityEditor.WebGL.Extensions.dll
Register platform support module: C:/Program Files/Unity/Hub/Editor/6000.0.23f1/Editor/Data/PlaybackEngines/WindowsStandaloneSupport/UnityEditor.WindowsStandalone.Extensions.dll
Register platform support module: C:/Program Files/Unity/Hub/Editor/6000.0.23f1/Editor/Data/PlaybackEngines/MetroSupport/UnityEditor.UWP.Extensions.dll
Register platform support module: C:/Program Files/Unity/Hub/Editor/6000.0.23f1/Editor/Data/PlaybackEngines/AndroidPlayer/UnityEditor.Android.Extensions.dll
Registered in 0.018820 seconds.
- Loaded All Assemblies, in  0.819 seconds
Native extension for Android target not found
Android Extension - Scanning For ADB Devices 573 ms
Native extension for UWP target not found
Native extension for WindowsStandalone target not found
Native extension for WebGL target not found
Mono: successfully reloaded assembly
- Finished resetting the current domain, in  0.998 seconds
Domain Reload Profiling: 1812ms
	BeginReloadAssembly (365ms)
		ExecutionOrderSort (0ms)
		DisableScriptedObjects (0ms)
		BackupInstance (0ms)
		ReleaseScriptingObjects (0ms)
		CreateAndSetChildDomain (1ms)
	RebuildCommonClasses (59ms)
	RebuildNativeTypeToScriptingClass (16ms)
	initialDomainReloadingComplete (87ms)
	LoadAllAssembliesAndSetupDomain (288ms)
		LoadAssemblies (368ms)
		RebuildTransferFunctionScriptingTraits (0ms)
		AnalyzeDomain (274ms)
			TypeCache.Refresh (273ms)
				TypeCache.ScanAssembly (252ms)
			BuildScriptInfoCaches (0ms)
			ResolveRequiredComponents (1ms)
	FinalizeReload (998ms)
		ReleaseScriptCaches (0ms)
		RebuildScriptCaches (0ms)
		SetupLoadedEditorAssemblies (957ms)
			LogAssemblyErrors (0ms)
			InitializePlatformSupportModulesInManaged (706ms)
			SetLoadedEditorAssemblies (5ms)
			BeforeProcessingInitializeOnLoad (9ms)
			ProcessInitializeOnLoadAttributes (131ms)
			ProcessInitializeOnLoadMethodAttributes (65ms)
			AfterProcessingInitializeOnLoad (41ms)
			EditorAssembliesLoaded (0ms)
		ExecutionOrderSort2 (0ms)
		AwakeInstancesAfterBackupRestoration (0ms)
========================================================================
Worker process is ready to serve import requests
Import Worker Mode flag is 0x00
Begin MonoManager ReloadAssembly
- Loaded All Assemblies, in  1.118 seconds
Refreshing native plugins compatible for Editor in 0.00 ms, found 0 plugins.
Native extension for Android target not found
Native extension for UWP target not found
Native extension for WindowsStandalone target not found
Native extension for WebGL target not found
Mono: successfully reloaded assembly
- Finished resetting the current domain, in  0.576 seconds
Domain Reload Profiling: 1688ms
	BeginReloadAssembly (934ms)
		ExecutionOrderSort (0ms)
		DisableScriptedObjects (9ms)
		BackupInstance (0ms)
		ReleaseScriptingObjects (0ms)
		CreateAndSetChildDomain (34ms)
	RebuildCommonClasses (56ms)
	RebuildNativeTypeToScriptingClass (17ms)
	initialDomainReloadingComplete (34ms)
	LoadAllAssembliesAndSetupDomain (70ms)
		LoadAssemblies (348ms)
		RebuildTransferFunctionScriptingTraits (0ms)
		AnalyzeDomain (47ms)
			TypeCache.Refresh (36ms)
				TypeCache.ScanAssembly (26ms)
			BuildScriptInfoCaches (6ms)
			ResolveRequiredComponents (3ms)
	FinalizeReload (576ms)
		ReleaseScriptCaches (0ms)
		RebuildScriptCaches (0ms)
		SetupLoadedEditorAssemblies (284ms)
			LogAssemblyErrors (0ms)
			InitializePlatformSupportModulesInManaged (25ms)
			SetLoadedEditorAssemblies (4ms)
			BeforeProcessingInitializeOnLoad (36ms)
			ProcessInitializeOnLoadAttributes (125ms)
			ProcessInitializeOnLoadMethodAttributes (27ms)
			AfterProcessingInitializeOnLoad (66ms)
			EditorAssembliesLoaded (0ms)
		ExecutionOrderSort2 (0ms)
		AwakeInstancesAfterBackupRestoration (5ms)
Launched and connected shader compiler UnityShaderCompiler.exe after 0.03 seconds
Refreshing native plugins compatible for Editor in 0.00 ms, found 0 plugins.
Preloading 0 native plugins for Editor in 0.00 ms.
Unloading 8 Unused Serialized files (Serialized files now loaded: 0)
Unloading 405 unused Assets / (90.2 KB). Loaded Objects now: 1007.
Memory consumption went from 86.8 MB to 86.7 MB.
Total: 5.459200 ms (FindLiveObjects: 0.145100 ms CreateObjectMapping: 0.032800 ms MarkObjects: 5.067400 ms  DeleteObjects: 0.212100 ms)

========================================================================
Received Import Request.
  Time since last request: 291113.612109 seconds.
  path: Assets/Multimedia/Images/utensilios/Colored/genericItem_color_016.png
  artifactKey: Guid(ea0dc0ee68375bd4eac5d01d57e12b90) Importer(815301076,1909f56bfc062723c751e8b465ee728b)
Start importing Assets/Multimedia/Images/utensilios/Colored/genericItem_color_016.png using Guid(ea0dc0ee68375bd4eac5d01d57e12b90) Importer(815301076,1909f56bfc062723c751e8b465ee728b) (PreviewImporter) -> (artifact id: 'ee29ccd0f16b3937e9b68778978585db') in 0.1030008 seconds
Number of updated asset objects reloaded before import = 0Number of asset objects unloaded after import = 2

========================================================================
Received Import Request.
  Time since last request: 0.000025 seconds.
  path: Assets/Multimedia/Images/utensilios/Colored/genericItem_color_044.png
  artifactKey: Guid(6a7abcf560c7a5e4f9a047b5669af0a6) Importer(815301076,1909f56bfc062723c751e8b465ee728b)
Start importing Assets/Multimedia/Images/utensilios/Colored/genericItem_color_044.png using Guid(6a7abcf560c7a5e4f9a047b5669af0a6) Importer(815301076,1909f56bfc062723c751e8b465ee728b) (PreviewImporter) -> (artifact id: '10ea43a965eee3294207563c21980b27') in 0.0111074 seconds
Number of updated asset objects reloaded before import = 0Number of asset objects unloaded after import = 2

========================================================================
Received Import Request.
  Time since last request: 0.000022 seconds.
  path: Assets/Multimedia/Images/utensilios/Colored/genericItem_color_047.png
  artifactKey: Guid(9569712aa68fba3489df497315f00858) Importer(815301076,1909f56bfc062723c751e8b465ee728b)
Start importing Assets/Multimedia/Images/utensilios/Colored/genericItem_color_047.png using Guid(9569712aa68fba3489df497315f00858) Importer(815301076,1909f56bfc062723c751e8b465ee728b) (PreviewImporter) -> (artifact id: '207f8c36aca0f2d0a65b81a1c107a819') in 0.0108858 seconds
Number of updated asset objects reloaded before import = 0Number of asset objects unloaded after import = 2

========================================================================
Received Import Request.
  Time since last request: 0.000019 seconds.
  path: Assets/Multimedia/Images/utensilios/Colored/genericItem_color_041.png
  artifactKey: Guid(d81ddc697d7b3ea4a9a69c8ed7c1f955) Importer(815301076,1909f56bfc062723c751e8b465ee728b)
Start importing Assets/Multimedia/Images/utensilios/Colored/genericItem_color_041.png using Guid(d81ddc697d7b3ea4a9a69c8ed7c1f955) Importer(815301076,1909f56bfc062723c751e8b465ee728b) (PreviewImporter) -> (artifact id: 'd23b5fe4d8e49868766bc84e06cd0bf7') in 0.010285 seconds
Number of updated asset objects reloaded before import = 0Number of asset objects unloaded after import = 2

========================================================================
Received Import Request.
  Time since last request: 0.000022 seconds.
  path: Assets/Multimedia/Images/utensilios/Colored/genericItem_color_051.png
  artifactKey: Guid(325d4269288083a4f808b3f6a9f7d692) Importer(815301076,1909f56bfc062723c751e8b465ee728b)
Start importing Assets/Multimedia/Images/utensilios/Colored/genericItem_color_051.png using Guid(325d4269288083a4f808b3f6a9f7d692) Importer(815301076,1909f56bfc062723c751e8b465ee728b) (PreviewImporter) -> (artifact id: 'ff69c6bdb4fa24e0c81137d7420d6d95') in 0.0104726 seconds
Number of updated asset objects reloaded before import = 0Number of asset objects unloaded after import = 2

========================================================================
Received Import Request.
  Time since last request: 0.003512 seconds.
  path: Assets/Multimedia/Images/utensilios/Colored/genericItem_color_056.png
  artifactKey: Guid(046f46e1e9898b6479e5ab22a69dbfad) Importer(815301076,1909f56bfc062723c751e8b465ee728b)
Start importing Assets/Multimedia/Images/utensilios/Colored/genericItem_color_056.png using Guid(046f46e1e9898b6479e5ab22a69dbfad) Importer(815301076,1909f56bfc062723c751e8b465ee728b) (PreviewImporter) -> (artifact id: 'b44939bf5eb8bbd417db972ecf83fd7d') in 0.0084728 seconds
Number of updated asset objects reloaded before import = 0Number of asset objects unloaded after import = 2

========================================================================
Received Import Request.
  Time since last request: 0.002837 seconds.
  path: Assets/Multimedia/Images/utensilios/Colored/genericItem_color_059.png
  artifactKey: Guid(e6db465c59a137a4a8351346df39315c) Importer(815301076,1909f56bfc062723c751e8b465ee728b)
Start importing Assets/Multimedia/Images/utensilios/Colored/genericItem_color_059.png using Guid(e6db465c59a137a4a8351346df39315c) Importer(815301076,1909f56bfc062723c751e8b465ee728b) (PreviewImporter) -> (artifact id: 'adb89232d5a11e5f2b9ac4dad8451bed') in 0.0080323 seconds
Number of updated asset objects reloaded before import = 0Number of asset objects unloaded after import = 2

========================================================================
Received Import Request.
  Time since last request: 0.002761 seconds.
  path: Assets/Multimedia/Images/utensilios/Colored/genericItem_color_062.png
  artifactKey: Guid(31de5478143a5da48ae12e1dd4c05181) Importer(815301076,1909f56bfc062723c751e8b465ee728b)
Start importing Assets/Multimedia/Images/utensilios/Colored/genericItem_color_062.png using Guid(31de5478143a5da48ae12e1dd4c05181) Importer(815301076,1909f56bfc062723c751e8b465ee728b) (PreviewImporter) -> (artifact id: '388947842fc10effec67dfe841476e01') in 0.0082755 seconds
Number of updated asset objects reloaded before import = 0Number of asset objects unloaded after import = 2

========================================================================
Received Import Request.
  Time since last request: 0.002574 seconds.
  path: Assets/Multimedia/Images/utensilios/Colored/genericItem_color_065.png
  artifactKey: Guid(61605ea2bec5df949a73986d05ccc923) Importer(815301076,1909f56bfc062723c751e8b465ee728b)
Start importing Assets/Multimedia/Images/utensilios/Colored/genericItem_color_065.png using Guid(61605ea2bec5df949a73986d05ccc923) Importer(815301076,1909f56bfc062723c751e8b465ee728b) (PreviewImporter) -> (artifact id: '7d63b990a49d608de0ea640ff69d95fb') in 0.008203 seconds
Number of updated asset objects reloaded before import = 0Number of asset objects unloaded after import = 2

========================================================================
Received Import Request.
  Time since last request: 0.002587 seconds.
  path: Assets/Multimedia/Images/utensilios/Colored/genericItem_color_068.png
  artifactKey: Guid(4a680495d3e2bf5489bc5991d9ff5324) Importer(815301076,1909f56bfc062723c751e8b465ee728b)
Start importing Assets/Multimedia/Images/utensilios/Colored/genericItem_color_068.png using Guid(4a680495d3e2bf5489bc5991d9ff5324) Importer(815301076,1909f56bfc062723c751e8b465ee728b) (PreviewImporter) -> (artifact id: '316be98ca8c7b3a5b784abf5a162d2fd') in 0.0095341 seconds
Number of updated asset objects reloaded before import = 0Number of asset objects unloaded after import = 2

========================================================================
Received Import Request.
  Time since last request: 0.001465 seconds.
  path: Assets/Multimedia/Images/utensilios/Colored/genericItem_color_071.png
  artifactKey: Guid(1bada4c4cbb360246980c67b2537295c) Importer(815301076,1909f56bfc062723c751e8b465ee728b)
Start importing Assets/Multimedia/Images/utensilios/Colored/genericItem_color_071.png using Guid(1bada4c4cbb360246980c67b2537295c) Importer(815301076,1909f56bfc062723c751e8b465ee728b) (PreviewImporter) -> (artifact id: '173340e03e8a9801d0880d5985b6b1a4') in 0.0088339 seconds
Number of updated asset objects reloaded before import = 0Number of asset objects unloaded after import = 2

========================================================================
Received Import Request.
  Time since last request: 0.002057 seconds.
  path: Assets/Multimedia/Images/utensilios/Colored/genericItem_color_074.png
  artifactKey: Guid(1b9efd9fb2a6cac4f9ea2ea2c6c51cc9) Importer(815301076,1909f56bfc062723c751e8b465ee728b)
Start importing Assets/Multimedia/Images/utensilios/Colored/genericItem_color_074.png using Guid(1b9efd9fb2a6cac4f9ea2ea2c6c51cc9) Importer(815301076,1909f56bfc062723c751e8b465ee728b) (PreviewImporter) -> (artifact id: 'f27b50dd6e40a953a3ccf8a0152d71f1') in 0.0095343 seconds
Number of updated asset objects reloaded before import = 0Number of asset objects unloaded after import = 2

========================================================================
Received Import Request.
  Time since last request: 0.002432 seconds.
  path: Assets/Multimedia/Images/utensilios/Colored/genericItem_color_077.png
  artifactKey: Guid(8f1b9878705b0e941aee14c8fa7a3a2c) Importer(815301076,1909f56bfc062723c751e8b465ee728b)
Start importing Assets/Multimedia/Images/utensilios/Colored/genericItem_color_077.png using Guid(8f1b9878705b0e941aee14c8fa7a3a2c) Importer(815301076,1909f56bfc062723c751e8b465ee728b) (PreviewImporter) -> (artifact id: '0952b1e968e53a69e9a0b76007a23c67') in 0.0077126 seconds
Number of updated asset objects reloaded before import = 0Number of asset objects unloaded after import = 2

========================================================================
Received Import Request.
  Time since last request: 0.003828 seconds.
  path: Assets/Multimedia/Images/utensilios/Colored/genericItem_color_080.png
  artifactKey: Guid(925a2cbd54edc5b4b9221d5952cb690f) Importer(815301076,1909f56bfc062723c751e8b465ee728b)
Start importing Assets/Multimedia/Images/utensilios/Colored/genericItem_color_080.png using Guid(925a2cbd54edc5b4b9221d5952cb690f) Importer(815301076,1909f56bfc062723c751e8b465ee728b) (PreviewImporter) -> (artifact id: 'a4e9360e575369ca73388a7976cdcda6') in 0.0089884 seconds
Number of updated asset objects reloaded before import = 0Number of asset objects unloaded after import = 2

========================================================================
Received Import Request.
  Time since last request: 0.543534 seconds.
  path: Assets/Multimedia/Images/utensilios/Colored/genericItem_color_083.png
  artifactKey: Guid(a5b79f7ca483dcf468e0ae444f656f6b) Importer(815301076,1909f56bfc062723c751e8b465ee728b)
Start importing Assets/Multimedia/Images/utensilios/Colored/genericItem_color_083.png using Guid(a5b79f7ca483dcf468e0ae444f656f6b) Importer(815301076,1909f56bfc062723c751e8b465ee728b) (PreviewImporter) -> (artifact id: '397028c4efb80cc11f6984280a1e1391') in 0.0117404 seconds
Number of updated asset objects reloaded before import = 0Number of asset objects unloaded after import = 2

========================================================================
Received Import Request.
  Time since last request: 0.002962 seconds.
  path: Assets/Multimedia/Images/utensilios/Colored/genericItem_color_087.png
  artifactKey: Guid(a6d6b4204e592464c924b82f48c066b6) Importer(815301076,1909f56bfc062723c751e8b465ee728b)
Start importing Assets/Multimedia/Images/utensilios/Colored/genericItem_color_087.png using Guid(a6d6b4204e592464c924b82f48c066b6) Importer(815301076,1909f56bfc062723c751e8b465ee728b) (PreviewImporter) -> (artifact id: '9219146135cf7961fdf8a6859f4a5727') in 0.0095412 seconds
Number of updated asset objects reloaded before import = 0Number of asset objects unloaded after import = 2

========================================================================
Received Import Request.
  Time since last request: 0.000705 seconds.
  path: Assets/Multimedia/Images/utensilios/Colored/genericItem_color_090.png
  artifactKey: Guid(82092f2e3605b3e48a2786cbf50d6505) Importer(815301076,1909f56bfc062723c751e8b465ee728b)
Start importing Assets/Multimedia/Images/utensilios/Colored/genericItem_color_090.png using Guid(82092f2e3605b3e48a2786cbf50d6505) Importer(815301076,1909f56bfc062723c751e8b465ee728b) (PreviewImporter) -> (artifact id: '21042652307bdae1e5ad1c76b2858707') in 0.0087031 seconds
Number of updated asset objects reloaded before import = 0Number of asset objects unloaded after import = 2

========================================================================
Received Import Request.
  Time since last request: 0.001437 seconds.
  path: Assets/Multimedia/Images/utensilios/Colored/genericItem_color_093.png
  artifactKey: Guid(c7dc585950eb63141bd7e6bd32ee213e) Importer(815301076,1909f56bfc062723c751e8b465ee728b)
Start importing Assets/Multimedia/Images/utensilios/Colored/genericItem_color_093.png using Guid(c7dc585950eb63141bd7e6bd32ee213e) Importer(815301076,1909f56bfc062723c751e8b465ee728b) (PreviewImporter) -> (artifact id: '02a2d28256cf841d301b3df2da1015c8') in 0.0099955 seconds
Number of updated asset objects reloaded before import = 0Number of asset objects unloaded after import = 2

========================================================================
Received Import Request.
  Time since last request: 0.000728 seconds.
  path: Assets/Multimedia/Images/utensilios/Colored/genericItem_color_096.png
  artifactKey: Guid(7a84fea2bcfd7e440b5c97bfdf8ff6ff) Importer(815301076,1909f56bfc062723c751e8b465ee728b)
Start importing Assets/Multimedia/Images/utensilios/Colored/genericItem_color_096.png using Guid(7a84fea2bcfd7e440b5c97bfdf8ff6ff) Importer(815301076,1909f56bfc062723c751e8b465ee728b) (PreviewImporter) -> (artifact id: '04ed9b4f10d8f1164f34dd66358e40ac') in 0.0092357 seconds
Number of updated asset objects reloaded before import = 0Number of asset objects unloaded after import = 2

========================================================================
Received Import Request.
  Time since last request: 0.008743 seconds.
  path: Assets/Multimedia/Images/utensilios/Colored/genericItem_color_099.png
  artifactKey: Guid(8bde45fddafe4f64dabb29b7cefa6d1e) Importer(815301076,1909f56bfc062723c751e8b465ee728b)
Start importing Assets/Multimedia/Images/utensilios/Colored/genericItem_color_099.png using Guid(8bde45fddafe4f64dabb29b7cefa6d1e) Importer(815301076,1909f56bfc062723c751e8b465ee728b) (PreviewImporter) -> (artifact id: '4f912bde1c06daff5f7f3fbfd962b733') in 0.0097352 seconds
Number of updated asset objects reloaded before import = 0Number of asset objects unloaded after import = 2

========================================================================
Received Import Request.
  Time since last request: 0.000812 seconds.
  path: Assets/Multimedia/Images/utensilios/Colored/genericItem_color_102.png
  artifactKey: Guid(24e6b29bdd3b46f408e6cf2d6d22f67f) Importer(815301076,1909f56bfc062723c751e8b465ee728b)
Start importing Assets/Multimedia/Images/utensilios/Colored/genericItem_color_102.png using Guid(24e6b29bdd3b46f408e6cf2d6d22f67f) Importer(815301076,1909f56bfc062723c751e8b465ee728b) (PreviewImporter) -> (artifact id: 'df86f9205b49115dae5292b883557a83') in 0.0094976 seconds
Number of updated asset objects reloaded before import = 0Number of asset objects unloaded after import = 2

========================================================================
Received Import Request.
  Time since last request: 0.001291 seconds.
  path: Assets/Multimedia/Images/utensilios/Colored/genericItem_color_105.png
  artifactKey: Guid(e53734f91ed9efb4bbc8f4cadaa5d866) Importer(815301076,1909f56bfc062723c751e8b465ee728b)
Start importing Assets/Multimedia/Images/utensilios/Colored/genericItem_color_105.png using Guid(e53734f91ed9efb4bbc8f4cadaa5d866) Importer(815301076,1909f56bfc062723c751e8b465ee728b) (PreviewImporter) -> (artifact id: 'd001272ea718c3b14d8827ab47d0316f') in 0.0090183 seconds
Number of updated asset objects reloaded before import = 0Number of asset objects unloaded after import = 2

========================================================================
Received Import Request.
  Time since last request: 0.001308 seconds.
  path: Assets/Multimedia/Images/utensilios/Colored/genericItem_color_108.png
  artifactKey: Guid(56ab20c4619b2be4097da0a27c9ee5ea) Importer(815301076,1909f56bfc062723c751e8b465ee728b)
Start importing Assets/Multimedia/Images/utensilios/Colored/genericItem_color_108.png using Guid(56ab20c4619b2be4097da0a27c9ee5ea) Importer(815301076,1909f56bfc062723c751e8b465ee728b) (PreviewImporter) -> (artifact id: 'e08c4e387e34f2b33235fed462fcc869') in 0.009202 seconds
Number of updated asset objects reloaded before import = 0Number of asset objects unloaded after import = 2

========================================================================
Received Import Request.
  Time since last request: 0.001545 seconds.
  path: Assets/Multimedia/Images/utensilios/Colored/genericItem_color_111.png
  artifactKey: Guid(e6bdb34a85cf3b44cac7b220e479ca2b) Importer(815301076,1909f56bfc062723c751e8b465ee728b)
Start importing Assets/Multimedia/Images/utensilios/Colored/genericItem_color_111.png using Guid(e6bdb34a85cf3b44cac7b220e479ca2b) Importer(815301076,1909f56bfc062723c751e8b465ee728b) (PreviewImporter) -> (artifact id: '5b5a313ed786678709edbc0f12ed657e') in 0.0101574 seconds
Number of updated asset objects reloaded before import = 0Number of asset objects unloaded after import = 2

========================================================================
Received Import Request.
  Time since last request: 0.013045 seconds.
  path: Assets/Multimedia/Images/utensilios/Colored/genericItem_color_115.png
  artifactKey: Guid(866d7503c85818b479f3f3f1d601f84e) Importer(815301076,1909f56bfc062723c751e8b465ee728b)
Start importing Assets/Multimedia/Images/utensilios/Colored/genericItem_color_115.png using Guid(866d7503c85818b479f3f3f1d601f84e) Importer(815301076,1909f56bfc062723c751e8b465ee728b) (PreviewImporter) -> (artifact id: '8951ff0c50b49931a82a46f14053a42e') in 0.0089862 seconds
Number of updated asset objects reloaded before import = 0Number of asset objects unloaded after import = 2

========================================================================
Received Import Request.
  Time since last request: 0.001544 seconds.
  path: Assets/Multimedia/Images/utensilios/Colored/genericItem_color_118.png
  artifactKey: Guid(8a79504d6c211264f8ab6cd41b5dd96a) Importer(815301076,1909f56bfc062723c751e8b465ee728b)
Start importing Assets/Multimedia/Images/utensilios/Colored/genericItem_color_118.png using Guid(8a79504d6c211264f8ab6cd41b5dd96a) Importer(815301076,1909f56bfc062723c751e8b465ee728b) (PreviewImporter) -> (artifact id: 'fdc4330d6dc06f20e7931154104eb7f5') in 0.0089726 seconds
Number of updated asset objects reloaded before import = 0Number of asset objects unloaded after import = 2

========================================================================
Received Import Request.
  Time since last request: 0.001382 seconds.
  path: Assets/Multimedia/Images/utensilios/Colored/genericItem_color_121.png
  artifactKey: Guid(587e914ad3448834ba783360614537dc) Importer(815301076,1909f56bfc062723c751e8b465ee728b)
Start importing Assets/Multimedia/Images/utensilios/Colored/genericItem_color_121.png using Guid(587e914ad3448834ba783360614537dc) Importer(815301076,1909f56bfc062723c751e8b465ee728b) (PreviewImporter) -> (artifact id: '1c27e0557ca5fe7bd03df26ba4c3e03b') in 0.0090641 seconds
Number of updated asset objects reloaded before import = 0Number of asset objects unloaded after import = 2

========================================================================
Received Import Request.
  Time since last request: 0.001398 seconds.
  path: Assets/Multimedia/Images/utensilios/Colored/genericItem_color_124.png
  artifactKey: Guid(49c254750a97a2944a0fabf0bea02d44) Importer(815301076,1909f56bfc062723c751e8b465ee728b)
Start importing Assets/Multimedia/Images/utensilios/Colored/genericItem_color_124.png using Guid(49c254750a97a2944a0fabf0bea02d44) Importer(815301076,1909f56bfc062723c751e8b465ee728b) (PreviewImporter) -> (artifact id: '547721122c841ae66891dab1a3652119') in 0.0093074 seconds
Number of updated asset objects reloaded before import = 0Number of asset objects unloaded after import = 2

========================================================================
Received Import Request.
  Time since last request: 0.001439 seconds.
  path: Assets/Multimedia/Images/utensilios/Colored/genericItem_color_127.png
  artifactKey: Guid(6280fa392eb591240b4b22cfd43acfb9) Importer(815301076,1909f56bfc062723c751e8b465ee728b)
Start importing Assets/Multimedia/Images/utensilios/Colored/genericItem_color_127.png using Guid(6280fa392eb591240b4b22cfd43acfb9) Importer(815301076,1909f56bfc062723c751e8b465ee728b) (PreviewImporter) -> (artifact id: 'd0d466e45b858a2f0eb7bbb1befc2b70') in 0.0087006 seconds
Number of updated asset objects reloaded before import = 0Number of asset objects unloaded after import = 2

========================================================================
Received Import Request.
  Time since last request: 0.001735 seconds.
  path: Assets/Multimedia/Images/utensilios/Colored/genericItem_color_130.png
  artifactKey: Guid(bf3444862f7cdfd4ba0255dc54fb7d56) Importer(815301076,1909f56bfc062723c751e8b465ee728b)
Start importing Assets/Multimedia/Images/utensilios/Colored/genericItem_color_130.png using Guid(bf3444862f7cdfd4ba0255dc54fb7d56) Importer(815301076,1909f56bfc062723c751e8b465ee728b) (PreviewImporter) -> (artifact id: '91fd16582272d5dd470a9baa5d11aab8') in 0.0092729 seconds
Number of updated asset objects reloaded before import = 0Number of asset objects unloaded after import = 2

========================================================================
Received Import Request.
  Time since last request: 0.001137 seconds.
  path: Assets/Multimedia/Images/utensilios/Colored/genericItem_color_133.png
  artifactKey: Guid(6b30a052c0be7e941a187f1d60258dd4) Importer(815301076,1909f56bfc062723c751e8b465ee728b)
Start importing Assets/Multimedia/Images/utensilios/Colored/genericItem_color_133.png using Guid(6b30a052c0be7e941a187f1d60258dd4) Importer(815301076,1909f56bfc062723c751e8b465ee728b) (PreviewImporter) -> (artifact id: 'b120830e7e03a3d2d6c6d3c23700a0b3') in 0.0098737 seconds
Number of updated asset objects reloaded before import = 0Number of asset objects unloaded after import = 2

========================================================================
Received Import Request.
  Time since last request: 0.000478 seconds.
  path: Assets/Multimedia/Images/utensilios/Colored/genericItem_color_136.png
  artifactKey: Guid(9bc5c81e842e7f048ab429e87efd1f95) Importer(815301076,1909f56bfc062723c751e8b465ee728b)
Start importing Assets/Multimedia/Images/utensilios/Colored/genericItem_color_136.png using Guid(9bc5c81e842e7f048ab429e87efd1f95) Importer(815301076,1909f56bfc062723c751e8b465ee728b) (PreviewImporter) -> (artifact id: 'cd027d9c8067da04062b8f1359b04102') in 0.007167 seconds
Number of updated asset objects reloaded before import = 0Number of asset objects unloaded after import = 2

========================================================================
Received Import Request.
  Time since last request: 0.003273 seconds.
  path: Assets/Multimedia/Images/utensilios/Colored/genericItem_color_139.png
  artifactKey: Guid(61c7711b00444a345b016add880e021e) Importer(815301076,1909f56bfc062723c751e8b465ee728b)
Start importing Assets/Multimedia/Images/utensilios/Colored/genericItem_color_139.png using Guid(61c7711b00444a345b016add880e021e) Importer(815301076,1909f56bfc062723c751e8b465ee728b) (PreviewImporter) -> (artifact id: 'd9692717ec18942e10e32dff40738ba9') in 0.0075433 seconds
Number of updated asset objects reloaded before import = 0Number of asset objects unloaded after import = 2

========================================================================
Received Import Request.
  Time since last request: 0.003175 seconds.
  path: Assets/Multimedia/Images/utensilios/Colored/genericItem_color_142.png
  artifactKey: Guid(2b81d9eec21c8044ba76f7444ee6fef4) Importer(815301076,1909f56bfc062723c751e8b465ee728b)
Start importing Assets/Multimedia/Images/utensilios/Colored/genericItem_color_142.png using Guid(2b81d9eec21c8044ba76f7444ee6fef4) Importer(815301076,1909f56bfc062723c751e8b465ee728b) (PreviewImporter) -> (artifact id: 'b46749bc117208bca3a3a607849b75c9') in 0.0079535 seconds
Number of updated asset objects reloaded before import = 0Number of asset objects unloaded after import = 2

========================================================================
Received Import Request.
  Time since last request: 0.002980 seconds.
  path: Assets/Multimedia/Images/utensilios/Colored/genericItem_color_145.png
  artifactKey: Guid(c170ca8860d9d4e40a60d83c18db0930) Importer(815301076,1909f56bfc062723c751e8b465ee728b)
Start importing Assets/Multimedia/Images/utensilios/Colored/genericItem_color_145.png using Guid(c170ca8860d9d4e40a60d83c18db0930) Importer(815301076,1909f56bfc062723c751e8b465ee728b) (PreviewImporter) -> (artifact id: '83c42144c0e758fe6e7ed033b5b71d10') in 0.009525 seconds
Number of updated asset objects reloaded before import = 0Number of asset objects unloaded after import = 2

========================================================================
Received Import Request.
  Time since last request: 0.001507 seconds.
  path: Assets/Multimedia/Images/utensilios/Colored/genericItem_color_148.png
  artifactKey: Guid(65de7f02803277a459b13433a526cf40) Importer(815301076,1909f56bfc062723c751e8b465ee728b)
Start importing Assets/Multimedia/Images/utensilios/Colored/genericItem_color_148.png using Guid(65de7f02803277a459b13433a526cf40) Importer(815301076,1909f56bfc062723c751e8b465ee728b) (PreviewImporter) -> (artifact id: 'fcdeb21a5598f09e90c9abba8fe005fa') in 0.0100383 seconds
Number of updated asset objects reloaded before import = 0Number of asset objects unloaded after import = 2

========================================================================
Received Import Request.
  Time since last request: 0.000454 seconds.
  path: Assets/Multimedia/Images/utensilios/Colored/genericItem_color_151.png
  artifactKey: Guid(dfea9f8b80e5600489f78a1d6f54a4a8) Importer(815301076,1909f56bfc062723c751e8b465ee728b)
Start importing Assets/Multimedia/Images/utensilios/Colored/genericItem_color_151.png using Guid(dfea9f8b80e5600489f78a1d6f54a4a8) Importer(815301076,1909f56bfc062723c751e8b465ee728b) (PreviewImporter) -> (artifact id: 'd3f3c114b40161aa6599da1bae4d3fde') in 0.0092832 seconds
Number of updated asset objects reloaded before import = 0Number of asset objects unloaded after import = 2

========================================================================
Received Import Request.
  Time since last request: 0.001092 seconds.
  path: Assets/Multimedia/Images/utensilios/Colored/genericItem_color_154.png
  artifactKey: Guid(29e6401ffd144904b8d8fd3a20dc46d0) Importer(815301076,1909f56bfc062723c751e8b465ee728b)
Start importing Assets/Multimedia/Images/utensilios/Colored/genericItem_color_154.png using Guid(29e6401ffd144904b8d8fd3a20dc46d0) Importer(815301076,1909f56bfc062723c751e8b465ee728b) (PreviewImporter) -> (artifact id: '342791e672b757f79962c4803cdaaa56') in 0.0081811 seconds
Number of updated asset objects reloaded before import = 0Number of asset objects unloaded after import = 2

========================================================================
Received Import Request.
  Time since last request: 0.002556 seconds.
  path: Assets/Multimedia/Images/utensilios/Colored/genericItem_color_157.png
  artifactKey: Guid(322647a13f5505848bdd635f771f41d2) Importer(815301076,1909f56bfc062723c751e8b465ee728b)
Start importing Assets/Multimedia/Images/utensilios/Colored/genericItem_color_157.png using Guid(322647a13f5505848bdd635f771f41d2) Importer(815301076,1909f56bfc062723c751e8b465ee728b) (PreviewImporter) -> (artifact id: 'c631c4468ea127fd3a5651acbaedb599') in 0.0079209 seconds
Number of updated asset objects reloaded before import = 0Number of asset objects unloaded after import = 2

========================================================================
Received Import Request.
  Time since last request: 0.002612 seconds.
  path: Assets/Multimedia/Images/utensilios/Colored/genericItem_color_160.png
  artifactKey: Guid(73dcf5b7215ff49488c1f40c22d09760) Importer(815301076,1909f56bfc062723c751e8b465ee728b)
Start importing Assets/Multimedia/Images/utensilios/Colored/genericItem_color_160.png using Guid(73dcf5b7215ff49488c1f40c22d09760) Importer(815301076,1909f56bfc062723c751e8b465ee728b) (PreviewImporter) -> (artifact id: '3d51267e5073a2f57b76b713a3bcaba7') in 0.007537 seconds
Number of updated asset objects reloaded before import = 0Number of asset objects unloaded after import = 2

========================================================================
Received Import Request.
  Time since last request: 0.011496 seconds.
  path: Assets/Multimedia/Images/utensilios/Colored/genericItem_color_163.png
  artifactKey: Guid(4a8d32e6b91bb6c448f43576f96bf9de) Importer(815301076,1909f56bfc062723c751e8b465ee728b)
Start importing Assets/Multimedia/Images/utensilios/Colored/genericItem_color_163.png using Guid(4a8d32e6b91bb6c448f43576f96bf9de) Importer(815301076,1909f56bfc062723c751e8b465ee728b) (PreviewImporter) -> (artifact id: '33a36f1be173190557306d8ecc8baf61') in 0.0073791 seconds
Number of updated asset objects reloaded before import = 0Number of asset objects unloaded after import = 2

========================================================================
Received Import Request.
  Time since last request: 5.327321 seconds.
  path: Assets/Multimedia/Images/utensilios/White/genericItem_white_083.png
  artifactKey: Guid(8c8d217e566045d4297c86a0bf4ead76) Importer(815301076,1909f56bfc062723c751e8b465ee728b)
Start importing Assets/Multimedia/Images/utensilios/White/genericItem_white_083.png using Guid(8c8d217e566045d4297c86a0bf4ead76) Importer(815301076,1909f56bfc062723c751e8b465ee728b) (PreviewImporter) -> (artifact id: 'f32dbc8b11a5e408d0de063b316ec1ac') in 0.0118442 seconds
Number of updated asset objects reloaded before import = 0Number of asset objects unloaded after import = 2

========================================================================
Received Import Request.
  Time since last request: 0.003142 seconds.
  path: Assets/Multimedia/Images/utensilios/White/genericItem_white_087.png
  artifactKey: Guid(70e75279f191e6049a5be4badf9ac56e) Importer(815301076,1909f56bfc062723c751e8b465ee728b)
Start importing Assets/Multimedia/Images/utensilios/White/genericItem_white_087.png using Guid(70e75279f191e6049a5be4badf9ac56e) Importer(815301076,1909f56bfc062723c751e8b465ee728b) (PreviewImporter) -> (artifact id: '2ae996a63aa149cd2d12d2aa80b534f4') in 0.0097342 seconds
Number of updated asset objects reloaded before import = 0Number of asset objects unloaded after import = 2

========================================================================
Received Import Request.
  Time since last request: 0.000081 seconds.
  path: Assets/Multimedia/Images/utensilios/White/genericItem_white_090.png
  artifactKey: Guid(7fb0f6aec7127c2468467431d00b3d4f) Importer(815301076,1909f56bfc062723c751e8b465ee728b)
Start importing Assets/Multimedia/Images/utensilios/White/genericItem_white_090.png using Guid(7fb0f6aec7127c2468467431d00b3d4f) Importer(815301076,1909f56bfc062723c751e8b465ee728b) (PreviewImporter) -> (artifact id: 'acca575b9e587f6ef8641043576ffb22') in 0.0096258 seconds
Number of updated asset objects reloaded before import = 0Number of asset objects unloaded after import = 2

========================================================================
Received Import Request.
  Time since last request: 0.000798 seconds.
  path: Assets/Multimedia/Images/utensilios/White/genericItem_white_093.png
  artifactKey: Guid(919ed515a8e148042954f6f666f62be2) Importer(815301076,1909f56bfc062723c751e8b465ee728b)
Start importing Assets/Multimedia/Images/utensilios/White/genericItem_white_093.png using Guid(919ed515a8e148042954f6f666f62be2) Importer(815301076,1909f56bfc062723c751e8b465ee728b) (PreviewImporter) -> (artifact id: '55eeee6c281c3ea63cf46f19de1365b1') in 0.0099461 seconds
Number of updated asset objects reloaded before import = 0Number of asset objects unloaded after import = 2

========================================================================
Received Import Request.
  Time since last request: 0.000271 seconds.
  path: Assets/Multimedia/Images/utensilios/White/genericItem_white_096.png
  artifactKey: Guid(0f028dca2cdbe8e4681d59619bb14360) Importer(815301076,1909f56bfc062723c751e8b465ee728b)
Start importing Assets/Multimedia/Images/utensilios/White/genericItem_white_096.png using Guid(0f028dca2cdbe8e4681d59619bb14360) Importer(815301076,1909f56bfc062723c751e8b465ee728b) (PreviewImporter) -> (artifact id: '5c23a1314f50893efd95b60c286ea41a') in 0.0093842 seconds
Number of updated asset objects reloaded before import = 0Number of asset objects unloaded after import = 2

========================================================================
Received Import Request.
  Time since last request: 0.008557 seconds.
  path: Assets/Multimedia/Images/utensilios/White/genericItem_white_099.png
  artifactKey: Guid(748c107ded289334cae84915ffeb7a06) Importer(815301076,1909f56bfc062723c751e8b465ee728b)
Start importing Assets/Multimedia/Images/utensilios/White/genericItem_white_099.png using Guid(748c107ded289334cae84915ffeb7a06) Importer(815301076,1909f56bfc062723c751e8b465ee728b) (PreviewImporter) -> (artifact id: '4440ad14cc404b7a32a7538ebaffc6b0') in 0.0102256 seconds
Number of updated asset objects reloaded before import = 0Number of asset objects unloaded after import = 2

========================================================================
Received Import Request.
  Time since last request: 0.003997 seconds.
  path: Assets/Multimedia/Images/utensilios/White/genericItem_white_103.png
  artifactKey: Guid(116ee2e9aaf1bca4a82b680d8fc9babd) Importer(815301076,1909f56bfc062723c751e8b465ee728b)
Start importing Assets/Multimedia/Images/utensilios/White/genericItem_white_103.png using Guid(116ee2e9aaf1bca4a82b680d8fc9babd) Importer(815301076,1909f56bfc062723c751e8b465ee728b) (PreviewImporter) -> (artifact id: 'c743baf985d2eefdc414431d460c2056') in 0.0088875 seconds
Number of updated asset objects reloaded before import = 0Number of asset objects unloaded after import = 2

========================================================================
Received Import Request.
  Time since last request: 0.009751 seconds.
  path: Assets/Multimedia/Images/utensilios/White/genericItem_white_105.png
  artifactKey: Guid(e68eb7c2c0823524f8f04434438b7de5) Importer(815301076,1909f56bfc062723c751e8b465ee728b)
Start importing Assets/Multimedia/Images/utensilios/White/genericItem_white_105.png using Guid(e68eb7c2c0823524f8f04434438b7de5) Importer(815301076,1909f56bfc062723c751e8b465ee728b) (PreviewImporter) -> (artifact id: 'c99a54f775c7f7e1486494c7ac966fe1') in 0.0099153 seconds
Number of updated asset objects reloaded before import = 0Number of asset objects unloaded after import = 2

========================================================================
Received Import Request.
  Time since last request: 0.000230 seconds.
  path: Assets/Multimedia/Images/utensilios/White/genericItem_white_108.png
  artifactKey: Guid(b1d2615fb3b332f4f9f47b1a54c95d51) Importer(815301076,1909f56bfc062723c751e8b465ee728b)
Start importing Assets/Multimedia/Images/utensilios/White/genericItem_white_108.png using Guid(b1d2615fb3b332f4f9f47b1a54c95d51) Importer(815301076,1909f56bfc062723c751e8b465ee728b) (PreviewImporter) -> (artifact id: 'ace85b2f87a2fe9bfd4c6624f762f20e') in 0.0080467 seconds
Number of updated asset objects reloaded before import = 0Number of asset objects unloaded after import = 2

========================================================================
Received Import Request.
  Time since last request: 0.002892 seconds.
  path: Assets/Multimedia/Images/utensilios/White/genericItem_white_111.png
  artifactKey: Guid(5f2105a590d055347ab2491efff7f257) Importer(815301076,1909f56bfc062723c751e8b465ee728b)
Start importing Assets/Multimedia/Images/utensilios/White/genericItem_white_111.png using Guid(5f2105a590d055347ab2491efff7f257) Importer(815301076,1909f56bfc062723c751e8b465ee728b) (PreviewImporter) -> (artifact id: '64eb1aa64246be0f385a4b8c4f216e14') in 0.0081039 seconds
Number of updated asset objects reloaded before import = 0Number of asset objects unloaded after import = 2

========================================================================
Received Import Request.
  Time since last request: 0.002662 seconds.
  path: Assets/Multimedia/Images/utensilios/White/genericItem_white_114.png
  artifactKey: Guid(0775366da66f9bc44a4076e503e71add) Importer(815301076,1909f56bfc062723c751e8b465ee728b)
Start importing Assets/Multimedia/Images/utensilios/White/genericItem_white_114.png using Guid(0775366da66f9bc44a4076e503e71add) Importer(815301076,1909f56bfc062723c751e8b465ee728b) (PreviewImporter) -> (artifact id: '40cd7abdd997f0e539912e41a748218b') in 0.0079854 seconds
Number of updated asset objects reloaded before import = 0Number of asset objects unloaded after import = 2

========================================================================
Received Import Request.
  Time since last request: 0.002220 seconds.
  path: Assets/Multimedia/Images/utensilios/White/genericItem_white_117.png
  artifactKey: Guid(2faa52be44ca79a4a9fc80bb85b6f584) Importer(815301076,1909f56bfc062723c751e8b465ee728b)
Start importing Assets/Multimedia/Images/utensilios/White/genericItem_white_117.png using Guid(2faa52be44ca79a4a9fc80bb85b6f584) Importer(815301076,1909f56bfc062723c751e8b465ee728b) (PreviewImporter) -> (artifact id: 'fbf9400f009cbfc2a8c9db18f2143df1') in 0.0091639 seconds
Number of updated asset objects reloaded before import = 0Number of asset objects unloaded after import = 2

========================================================================
Received Import Request.
  Time since last request: 0.000963 seconds.
  path: Assets/Multimedia/Images/utensilios/White/genericItem_white_120.png
  artifactKey: Guid(3b5cb1dc29ff0f148b793be1e0f75319) Importer(815301076,1909f56bfc062723c751e8b465ee728b)
Start importing Assets/Multimedia/Images/utensilios/White/genericItem_white_120.png using Guid(3b5cb1dc29ff0f148b793be1e0f75319) Importer(815301076,1909f56bfc062723c751e8b465ee728b) (PreviewImporter) -> (artifact id: '3025c78331f18b6592cfd99bfba84e68') in 0.0093142 seconds
Number of updated asset objects reloaded before import = 0Number of asset objects unloaded after import = 2

========================================================================
Received Import Request.
  Time since last request: 0.001541 seconds.
  path: Assets/Multimedia/Images/utensilios/White/genericItem_white_123.png
  artifactKey: Guid(fa80995b2452524438f4279e177c336a) Importer(815301076,1909f56bfc062723c751e8b465ee728b)
Start importing Assets/Multimedia/Images/utensilios/White/genericItem_white_123.png using Guid(fa80995b2452524438f4279e177c336a) Importer(815301076,1909f56bfc062723c751e8b465ee728b) (PreviewImporter) -> (artifact id: 'ac2eaf2fd6a288838bbca6ab457f464f') in 0.0077233 seconds
Number of updated asset objects reloaded before import = 0Number of asset objects unloaded after import = 2

========================================================================
Received Import Request.
  Time since last request: 0.002720 seconds.
  path: Assets/Multimedia/Images/utensilios/White/genericItem_white_126.png
  artifactKey: Guid(d20557b528c5c3f468f78612a033d6d7) Importer(815301076,1909f56bfc062723c751e8b465ee728b)
Start importing Assets/Multimedia/Images/utensilios/White/genericItem_white_126.png using Guid(d20557b528c5c3f468f78612a033d6d7) Importer(815301076,1909f56bfc062723c751e8b465ee728b) (PreviewImporter) -> (artifact id: 'f089860094c22ce4b753a522adc138be') in 0.0084155 seconds
Number of updated asset objects reloaded before import = 0Number of asset objects unloaded after import = 2

========================================================================
Received Import Request.
  Time since last request: 0.002469 seconds.
  path: Assets/Multimedia/Images/utensilios/White/genericItem_white_129.png
  artifactKey: Guid(525b6ff82a1f02a40a94b2e589d71972) Importer(815301076,1909f56bfc062723c751e8b465ee728b)
Start importing Assets/Multimedia/Images/utensilios/White/genericItem_white_129.png using Guid(525b6ff82a1f02a40a94b2e589d71972) Importer(815301076,1909f56bfc062723c751e8b465ee728b) (PreviewImporter) -> (artifact id: 'dbd591e7bfc762fec119094892d467a9') in 0.0119883 seconds
Number of updated asset objects reloaded before import = 0Number of asset objects unloaded after import = 2

========================================================================
Received Import Request.
  Time since last request: 0.004135 seconds.
  path: Assets/Multimedia/Images/utensilios/White/genericItem_white_131.png
  artifactKey: Guid(bd8714b2c10bf51479e88f0dd7099648) Importer(815301076,1909f56bfc062723c751e8b465ee728b)
Start importing Assets/Multimedia/Images/utensilios/White/genericItem_white_131.png using Guid(bd8714b2c10bf51479e88f0dd7099648) Importer(815301076,1909f56bfc062723c751e8b465ee728b) (PreviewImporter) -> (artifact id: '75e896475535177c9dd70a96562738a7') in 0.00799 seconds
Number of updated asset objects reloaded before import = 0Number of asset objects unloaded after import = 2

========================================================================
Received Import Request.
  Time since last request: 0.002967 seconds.
  path: Assets/Multimedia/Images/utensilios/White/genericItem_white_134.png
  artifactKey: Guid(b8b9181f934534e4abdcaf58185216dc) Importer(815301076,1909f56bfc062723c751e8b465ee728b)
Start importing Assets/Multimedia/Images/utensilios/White/genericItem_white_134.png using Guid(b8b9181f934534e4abdcaf58185216dc) Importer(815301076,1909f56bfc062723c751e8b465ee728b) (PreviewImporter) -> (artifact id: '6b7355b55b52cce20437d21dab701d3c') in 0.0085327 seconds
Number of updated asset objects reloaded before import = 0Number of asset objects unloaded after import = 2

========================================================================
Received Import Request.
  Time since last request: 0.002054 seconds.
  path: Assets/Multimedia/Images/utensilios/White/genericItem_white_137.png
  artifactKey: Guid(14afe6f2caf8d9e4e8ed59056e5d8330) Importer(815301076,1909f56bfc062723c751e8b465ee728b)
Start importing Assets/Multimedia/Images/utensilios/White/genericItem_white_137.png using Guid(14afe6f2caf8d9e4e8ed59056e5d8330) Importer(815301076,1909f56bfc062723c751e8b465ee728b) (PreviewImporter) -> (artifact id: 'f56c955e21c704e06e74565ade74eddc') in 0.0095136 seconds
Number of updated asset objects reloaded before import = 0Number of asset objects unloaded after import = 2

========================================================================
Received Import Request.
  Time since last request: 0.001150 seconds.
  path: Assets/Multimedia/Images/utensilios/White/genericItem_white_140.png
  artifactKey: Guid(397006bc06eedcd4d811f717664701ae) Importer(815301076,1909f56bfc062723c751e8b465ee728b)
Start importing Assets/Multimedia/Images/utensilios/White/genericItem_white_140.png using Guid(397006bc06eedcd4d811f717664701ae) Importer(815301076,1909f56bfc062723c751e8b465ee728b) (PreviewImporter) -> (artifact id: '941bae1e6570506189c5ab908a9a8e3d') in 0.0101487 seconds
Number of updated asset objects reloaded before import = 0Number of asset objects unloaded after import = 2

========================================================================
Received Import Request.
  Time since last request: 0.000759 seconds.
  path: Assets/Multimedia/Images/utensilios/White/genericItem_white_143.png
  artifactKey: Guid(adc9745c55130d144afd5b16c7af729b) Importer(815301076,1909f56bfc062723c751e8b465ee728b)
Start importing Assets/Multimedia/Images/utensilios/White/genericItem_white_143.png using Guid(adc9745c55130d144afd5b16c7af729b) Importer(815301076,1909f56bfc062723c751e8b465ee728b) (PreviewImporter) -> (artifact id: '681f068fb1da64bcb04e7ebcdeb8659d') in 0.0101721 seconds
Number of updated asset objects reloaded before import = 0Number of asset objects unloaded after import = 2

========================================================================
Received Import Request.
  Time since last request: 0.000567 seconds.
  path: Assets/Multimedia/Images/utensilios/White/genericItem_white_146.png
  artifactKey: Guid(bbf75f398d53415498b7f2fb4d3f0e87) Importer(815301076,1909f56bfc062723c751e8b465ee728b)
Start importing Assets/Multimedia/Images/utensilios/White/genericItem_white_146.png using Guid(bbf75f398d53415498b7f2fb4d3f0e87) Importer(815301076,1909f56bfc062723c751e8b465ee728b) (PreviewImporter) -> (artifact id: '11cffe03ca0a867143bcbf871c6ef692') in 0.0100842 seconds
Number of updated asset objects reloaded before import = 0Number of asset objects unloaded after import = 2

========================================================================
Received Import Request.
  Time since last request: 0.000721 seconds.
  path: Assets/Multimedia/Images/utensilios/White/genericItem_white_149.png
  artifactKey: Guid(b2992478395333643beca9105b1a6e4c) Importer(815301076,1909f56bfc062723c751e8b465ee728b)
Start importing Assets/Multimedia/Images/utensilios/White/genericItem_white_149.png using Guid(b2992478395333643beca9105b1a6e4c) Importer(815301076,1909f56bfc062723c751e8b465ee728b) (PreviewImporter) -> (artifact id: '85d8efd14d47d667e4593f81f1b6db05') in 0.0082831 seconds
Number of updated asset objects reloaded before import = 0Number of asset objects unloaded after import = 2

========================================================================
Received Import Request.
  Time since last request: 0.002728 seconds.
  path: Assets/Multimedia/Images/utensilios/White/genericItem_white_152.png
  artifactKey: Guid(598abdf88c014304cb47858ace4bf20a) Importer(815301076,1909f56bfc062723c751e8b465ee728b)
Start importing Assets/Multimedia/Images/utensilios/White/genericItem_white_152.png using Guid(598abdf88c014304cb47858ace4bf20a) Importer(815301076,1909f56bfc062723c751e8b465ee728b) (PreviewImporter) -> (artifact id: '60315241a74531accd1a3dd706417b9d') in 0.0088405 seconds
Number of updated asset objects reloaded before import = 0Number of asset objects unloaded after import = 2

========================================================================
Received Import Request.
  Time since last request: 0.002125 seconds.
  path: Assets/Multimedia/Images/utensilios/White/genericItem_white_155.png
  artifactKey: Guid(4e913bb24a078cd4095d9f9bdae997c6) Importer(815301076,1909f56bfc062723c751e8b465ee728b)
Start importing Assets/Multimedia/Images/utensilios/White/genericItem_white_155.png using Guid(4e913bb24a078cd4095d9f9bdae997c6) Importer(815301076,1909f56bfc062723c751e8b465ee728b) (PreviewImporter) -> (artifact id: 'e4844bc21ca32254287ebdccef2b20f6') in 0.0087471 seconds
Number of updated asset objects reloaded before import = 0Number of asset objects unloaded after import = 2

========================================================================
Received Import Request.
  Time since last request: 0.002036 seconds.
  path: Assets/Multimedia/Images/utensilios/White/genericItem_white_158.png
  artifactKey: Guid(0e65b5255577a5a479573c5f12f364cc) Importer(815301076,1909f56bfc062723c751e8b465ee728b)
Start importing Assets/Multimedia/Images/utensilios/White/genericItem_white_158.png using Guid(0e65b5255577a5a479573c5f12f364cc) Importer(815301076,1909f56bfc062723c751e8b465ee728b) (PreviewImporter) -> (artifact id: '8abc6fe1754dcea9ae27585774241bab') in 0.0101757 seconds
Number of updated asset objects reloaded before import = 0Number of asset objects unloaded after import = 2

========================================================================
Received Import Request.
  Time since last request: 0.000737 seconds.
  path: Assets/Multimedia/Images/utensilios/White/genericItem_white_161.png
  artifactKey: Guid(39e0f1fa4ee7ca44da25c20548807a1b) Importer(815301076,1909f56bfc062723c751e8b465ee728b)
Start importing Assets/Multimedia/Images/utensilios/White/genericItem_white_161.png using Guid(39e0f1fa4ee7ca44da25c20548807a1b) Importer(815301076,1909f56bfc062723c751e8b465ee728b) (PreviewImporter) -> (artifact id: '5e90f8b27efe510ac8b17755c4866c1c') in 0.0075555 seconds
Number of updated asset objects reloaded before import = 0Number of asset objects unloaded after import = 2

Editor requested this worker to shutdown with reason: Scaling down because of idle timeout
AssetImportWorker is now disconnected from the server
Process exiting
Exiting without the bug reporter. Application will terminate with return code 0